<?xml version="1.0" encoding="UTF-8"?>
<testng-results skipped="0" failed="0" ignored="0" total="1" passed="1">
  <reporter-output>
  </reporter-output>
  <suite name="Default suite" duration-ms="16647" started-at="2019-10-12T10:30:47Z" finished-at="2019-10-12T10:31:04Z">
    <groups>
    </groups>
    <test name="Default test" duration-ms="16647" started-at="2019-10-12T10:30:47Z" finished-at="2019-10-12T10:31:04Z">
      <class name="acme.Login">
        <test-method status="PASS" signature="login()[pri:0, instance:acme.Login@53b32d7]" name="login" duration-ms="16599" started-at="2019-10-12T10:30:47Z" finished-at="2019-10-12T10:31:04Z">
          <reporter-output>
          </reporter-output>
        </test-method> <!-- login -->
      </class> <!-- acme.Login -->
    </test> <!-- Default test -->
  </suite> <!-- Default suite -->
</testng-results>
